<?xml version="1.0" encoding="UTF-8"?>
<!-- Generated by org.testng.reporters.JUnitXMLReporter -->
<testsuite ignored="0" hostname="PC1FBACN" failures="1" tests="1" name="Default test" time="7.554" errors="0" timestamp="2024-05-01T14:45:56 IST">
  <testcase classname="io.cucumber.testng.AbstractTestNGCucumberTests" name="runScenario" time="6.833">
    <failure type="java.lang.NullPointerException" message="Cannot invoke &amp;quot;org.openqa.selenium.WebElement.findElement(org.openqa.selenium.By)&amp;quot; because &amp;quot;prod&amp;quot; is null">
      <![CDATA[java.lang.NullPointerException: Cannot invoke "org.openqa.selenium.WebElement.findElement(org.openqa.selenium.By)" because "prod" is null
at ecommercepageobject.Productcatalogpage.addprodTocart(Productcatalogpage.java:57)
at CucumberStepDefinitions.StepDefinitionImpl.added_product_to_cart(StepDefinitionImpl.java:49)
at ✽.added product <productname> to cart(file:///C:/Users/GaddamM2/eclipse-workspace/seleniumframwork/src/test/java/cucumber/Submitordertest.feature:19)
]]>
    </failure>
  </testcase> <!-- runScenario -->
</testsuite> <!-- Default test -->
