<?xml version="1.0" encoding="UTF-8"?>
<!-- Generated by org.testng.reporters.JUnitXMLReporter -->
<testsuite ignored="0" hostname="PC1FBACN" failures="1" tests="2" name="ErrorValidations" time="18.995" errors="0" timestamp="2024-04-28T15:52:32 IST">
  <testcase classname="ssktestcomponents.ErrorValidations" name="ErrorValidationlogin" time="0.562">
    <failure type="java.lang.AssertionError" message="expected [Incorrect email or password.] but found [Incorect email or password.]">
      <![CDATA[java.lang.AssertionError: expected [Incorrect email or password.] but found [Incorect email or password.]
at ssktestcomponents.ErrorValidations.ErrorValidationlogin(ErrorValidations.java:34)
at java.base/java.util.ArrayList.forEach(ArrayList.java:1511)
... Removed 33 stack frames]]>
    </failure>
  </testcase> <!-- ErrorValidationlogin -->
  <testcase classname="ssktestcomponents.ErrorValidations" name="ProductErrorValidation" time="6.074"/>
</testsuite> <!-- ErrorValidations -->
