<?xml version="1.0" encoding="UTF-8"?>
<!-- Generated by org.testng.reporters.JUnitXMLReporter -->
<testsuite ignored="0" hostname="PC1FBACN" failures="0" tests="3" name="Submitorder" time="33.9" errors="0" timestamp="2024-04-28T15:52:12 IST">
  <testcase classname="sskpackageframewrk.Submitordertest" name="submitOrder" time="6.842"/>
  <testcase classname="sskpackageframewrk.Submitordertest" name="submitOrder" time="6.703"/>
  <testcase classname="sskpackageframewrk.Submitordertest" name="OrderedProductVerification" time="0.646"/>
</testsuite> <!-- Submitorder -->
