<?xml version="1.0" encoding="UTF-8"?>
<!-- Generated by org.testng.reporters.JUnitXMLReporter -->
<testsuite ignored="0" hostname="PC1FBACN" failures="1" tests="2" name="ErrorValidations" time="17.7" errors="0" timestamp="2024-04-28T14:56:23 IST">
  <testcase classname="ssktestcomponents.ErrorValidations" name="ErrorValidationlogin" time="0.951">
    <failure type="java.lang.AssertionError" message="expected [Incorrect email or password.] but found [Incorect email or password.]">
      <![CDATA[java.lang.AssertionError: expected [Incorrect email or password.] but found [Incorect email or password.]
at ssktestcomponents.ErrorValidations.ErrorValidationlogin(ErrorValidations.java:34)
at java.base/java.util.ArrayList.forEach(ArrayList.java:1596)
... Removed 35 stack frames]]>
    </failure>
  </testcase> <!-- ErrorValidationlogin -->
  <testcase classname="ssktestcomponents.ErrorValidations" name="ProductErrorValidation" time="5.779"/>
</testsuite> <!-- ErrorValidations -->
