<?xml version="1.0" encoding="UTF-8"?>
<!-- Generated by org.testng.reporters.JUnitXMLReporter -->
<testsuite ignored="0" hostname="PC1FBACN" failures="0" tests="3" name="Submitorder" time="38.735" errors="0" timestamp="2024-04-28T14:56:06 IST">
  <testcase classname="sskpackageframewrk.Submitordertest" name="submitOrder" time="6.69"/>
  <testcase classname="sskpackageframewrk.Submitordertest" name="submitOrder" time="6.647"/>
  <testcase classname="sskpackageframewrk.Submitordertest" name="OrderedProductVerification" time="0.599"/>
</testsuite> <!-- Submitorder -->
