<?xml version="1.0" encoding="UTF-8"?>
<!-- Generated by org.testng.reporters.JUnitXMLReporter -->
<testsuite ignored="0" hostname="L502528" failures="0" tests="3" name="Homeloan" time="0.007" errors="0" timestamp="2024-03-08T16:35:29 IST">
  <testcase classname="saisritestng.day3" name="APIHomeloan" time="0.0"/>
  <testcase classname="saisritestng.day3" name="MobileHomeloan" time="0.001"/>
  <testcase classname="saisritestng.day3" name="WebHomeloan" time="0.002"/>
</testsuite> <!-- Homeloan -->
