<?xml version="1.0" encoding="UTF-8"?>
<!-- Generated by org.testng.reporters.JUnitXMLReporter -->
<testsuite ignored="2" hostname="L502528" failures="0" tests="4" name="Homeloandept" time="0.018" errors="0" timestamp="2024-03-10T15:49:08 IST">
  <testcase classname="saisritestng.day3" name="APIHomeloan" time="0.001"/>
  <testcase classname="saisritestng.day3" name="MobileHomeloan" time="0.001"/>
  <testcase classname="saisritestng.day3" name="WebHomeloan" time="0.001"/>
  <testcase classname="saisritestng.day4" name="WebCarloan" time="0.003"/>
  <testcase classname="saisritestng.day4" name="APICarloan" time="0.0">
    <ignored/>
  </testcase> <!-- APICarloan -->
  <testcase classname="saisritestng.day4" name="MobileCarloan" time="0.0">
    <ignored/>
  </testcase> <!-- MobileCarloan -->
</testsuite> <!-- Homeloandept -->
