<?xml version="1.0" encoding="UTF-8"?>
<!-- Generated by org.testng.reporters.JUnitXMLReporter -->
<testsuite ignored="4" hostname="L502528" failures="0" tests="2" name="Personaldept" time="0.043" errors="0" timestamp="2024-03-10T16:02:47 IST">
  <testcase classname="saisritestng.day3" name="WebHomeloan" time="0.006"/>
  <testcase classname="saisritestng.day4" name="MobileCarloan" time="0.001"/>
  <testcase classname="saisritestng.day4" name="WebCarloan" time="0.0">
    <ignored/>
  </testcase> <!-- WebCarloan -->
  <testcase classname="saisritestng.day3" name="APIHomeloan" time="0.0">
    <ignored/>
  </testcase> <!-- APIHomeloan -->
  <testcase classname="saisritestng.day3" name="MobileHomeloan" time="0.0">
    <ignored/>
  </testcase> <!-- MobileHomeloan -->
  <testcase classname="saisritestng.day4" name="APICarloan" time="0.0">
    <ignored/>
  </testcase> <!-- APICarloan -->
</testsuite> <!-- Personaldept -->
