<?xml version="1.0" encoding="UTF-8"?>
<testng-results ignored="0" total="1" passed="0" failed="1" skipped="0">
  <reporter-output>
  </reporter-output>
  <suite started-at="2024-05-01T14:45:49 IST" name="Default suite" finished-at="2024-05-01T14:45:56 IST" duration-ms="7554">
    <groups>
      <group name="cucumber">
        <method signature="AbstractTestNGCucumberTests.runScenario(io.cucumber.testng.PickleWrapper,io.cucumber.testng.FeatureWrapper)[pri:0, instance:cucumber.Testngrunner@71ba6d4e]" name="runScenario" class="io.cucumber.testng.AbstractTestNGCucumberTests"/>
      </group> <!-- cucumber -->
    </groups>
    <test started-at="2024-05-01T14:45:49 IST" name="Default test" finished-at="2024-05-01T14:45:56 IST" duration-ms="7554">
      <class name="cucumber.Testngrunner">
        <test-method is-config="true" signature="setUpClass(org.testng.ITestContext)[pri:0, instance:cucumber.Testngrunner@71ba6d4e]" started-at="2024-05-01T14:45:49 IST" name="setUpClass" finished-at="2024-05-01T14:45:50 IST" duration-ms="655" status="PASS">
          <params>
            <param index="0">
              <value>
                <![CDATA[org.testng.TestRunner@2b5c4f17]]>
              </value>
            </param>
          </params>
          <reporter-output>
          </reporter-output>
        </test-method> <!-- setUpClass -->
        <test-method signature="runScenario(io.cucumber.testng.PickleWrapper,io.cucumber.testng.FeatureWrapper)[pri:0, instance:cucumber.Testngrunner@71ba6d4e]" started-at="2024-05-01T14:45:50 IST" name="runScenario" description="Runs Cucumber Scenarios" data-provider="scenarios" finished-at="2024-05-01T14:45:56 IST" duration-ms="6833" status="FAIL">
          <params>
            <param index="0">
              <value>
                <![CDATA["Positive Test for submitting the order"]]>
              </value>
            </param>
            <param index="1">
              <value>
                <![CDATA["Purchase from Ecommerce app"]]>
              </value>
            </param>
          </params>
          <exception class="java.lang.NullPointerException">
            <message>
              <![CDATA[Cannot invoke "org.openqa.selenium.WebElement.findElement(org.openqa.selenium.By)" because "prod" is null]]>
            </message>
            <full-stacktrace>
              <![CDATA[java.lang.NullPointerException: Cannot invoke "org.openqa.selenium.WebElement.findElement(org.openqa.selenium.By)" because "prod" is null
at ecommercepageobject.Productcatalogpage.addprodTocart(Productcatalogpage.java:57)
at CucumberStepDefinitions.StepDefinitionImpl.added_product_to_cart(StepDefinitionImpl.java:49)
at ✽.added product <productname> to cart(file:///C:/Users/GaddamM2/eclipse-workspace/seleniumframwork/src/test/java/cucumber/Submitordertest.feature:19)
]]>
            </full-stacktrace>
          </exception> <!-- java.lang.NullPointerException -->
          <reporter-output>
          </reporter-output>
        </test-method> <!-- runScenario -->
        <test-method is-config="true" signature="tearDownClass()[pri:0, instance:cucumber.Testngrunner@71ba6d4e]" started-at="2024-05-01T14:45:56 IST" name="tearDownClass" finished-at="2024-05-01T14:45:56 IST" duration-ms="33" status="PASS">
          <reporter-output>
          </reporter-output>
        </test-method> <!-- tearDownClass -->
      </class> <!-- cucumber.Testngrunner -->
    </test> <!-- Default test -->
  </suite> <!-- Default suite -->
</testng-results>
