<?xml version="1.0" encoding="UTF-8"?>
<!-- Generated by org.testng.reporters.JUnitReportReporter -->
<testsuite hostname="PC1FBACN" failures="0" tests="1" name="cucumber.Testngrunner" time="6.833" errors="1" timestamp="2024-05-01T14:45:57 IST" skipped="0">
  <testcase classname="cucumber.Testngrunner" name="runScenario" time="6.833">
    <error message="Cannot invoke &quot;org.openqa.selenium.WebElement.findElement(org.openqa.selenium.By)&quot; because &quot;prod&quot; is null" type="java.lang.NullPointerException">
      <![CDATA[java.lang.NullPointerException: Cannot invoke "org.openqa.selenium.WebElement.findElement(org.openqa.selenium.By)" because "prod" is null
at ecommercepageobject.Productcatalogpage.addprodTocart(Productcatalogpage.java:57)
at CucumberStepDefinitions.StepDefinitionImpl.added_product_to_cart(StepDefinitionImpl.java:49)
at ✽.added product <productname> to cart(file:///C:/Users/GaddamM2/eclipse-workspace/seleniumframwork/src/test/java/cucumber/Submitordertest.feature:19)
]]>
    </error>
  </testcase> <!-- runScenario -->
  <system-out/>
</testsuite> <!-- cucumber.Testngrunner -->
